<?xml version="1.0" encoding="UTF-8"?>
<!-- Generated by org.testng.reporters.JUnitXMLReporter -->
<testsuite hostname="DESKTOP-DV65NR3" ignored="0" name="Test" tests="11" failures="0" timestamp="29 Sep 2018 12:39:54 GMT" time="36.429" errors="0">
  <testcase name="TC01" time="0.011" classname="com.TestCases.Login">
    <skipped/>
  </testcase> <!-- TC01 -->
  <testcase name="TC02" time="0.004" classname="com.TestCases.Login">
    <skipped/>
  </testcase> <!-- TC02 -->
  <testcase name="TC09" time="0.005" classname="com.TestCases.Login">
    <skipped/>
  </testcase> <!-- TC09 -->
  <testcase name="TC10" time="0.005" classname="com.TestCases.Login">
    <skipped/>
  </testcase> <!-- TC10 -->
  <testcase name="TC03" time="0.004" classname="com.TestCases.Home">
    <skipped/>
  </testcase> <!-- TC03 -->
  <testcase name="TC04" time="0.066" classname="com.TestCases.Home"/>
  <testcase name="TC07" time="0.008" classname="com.TestCases.Home">
    <skipped/>
  </testcase> <!-- TC07 -->
  <testcase name="TC08" time="0.005" classname="com.TestCases.Home">
    <skipped/>
  </testcase> <!-- TC08 -->
  <testcase name="TC11" time="0.015" classname="com.TestCases.Registration"/>
  <testcase name="TC12" time="0.01" classname="com.TestCases.Registration"/>
  <testcase name="TC13" time="0.003" classname="com.TestCases.Registration">
    <skipped/>
  </testcase> <!-- TC13 -->
</testsuite> <!-- Test -->
